<?xml version="1.0" encoding="UTF-8"?>
<testng-results skipped="0" failed="0" total="1" passed="1">
  <reporter-output>
  </reporter-output>
  <suite name="Default suite" duration-ms="81423" started-at="2016-03-22T13:57:58Z" finished-at="2016-03-22T13:59:20Z">
    <groups>
    </groups>
    <test name="Default test" duration-ms="81423" started-at="2016-03-22T13:57:58Z" finished-at="2016-03-22T13:59:20Z">
      <class name="TestJava.TestRun">
        <test-method status="PASS" signature="setUp()[pri:0, instance:TestJava.TestRun@880ec60]" name="setUp" is-config="true" duration-ms="17414" started-at="2016-03-22T19:27:58Z" finished-at="2016-03-22T19:28:16Z">
          <reporter-output>
          </reporter-output>
        </test-method> <!-- setUp -->
        <test-method status="PASS" signature="Login()[pri:0, instance:TestJava.TestRun@880ec60]" name="Login" duration-ms="58811" started-at="2016-03-22T19:28:16Z" finished-at="2016-03-22T19:29:15Z">
          <reporter-output>
          </reporter-output>
        </test-method> <!-- Login -->
        <test-method status="PASS" signature="teardown()[pri:0, instance:TestJava.TestRun@880ec60]" name="teardown" is-config="true" duration-ms="5154" started-at="2016-03-22T19:29:15Z" finished-at="2016-03-22T19:29:20Z">
          <reporter-output>
          </reporter-output>
        </test-method> <!-- teardown -->
      </class> <!-- TestJava.TestRun -->
    </test> <!-- Default test -->
  </suite> <!-- Default suite -->
</testng-results>
